<?xml version="1.0" encoding="UTF-8"?>
<testng-results skipped="0" failed="0" ignored="0" total="1" passed="1">
  <reporter-output>
  </reporter-output>
  <suite name="Default suite" duration-ms="49578" started-at="2017-12-02T13:59:22Z" finished-at="2017-12-02T14:00:11Z">
    <groups>
    </groups>
    <test name="Default test" duration-ms="49578" started-at="2017-12-02T13:59:22Z" finished-at="2017-12-02T14:00:11Z">
      <class name="Login2.UserLoginTest2">
        <test-method status="PASS" signature="doBeforeMethod()[pri:0, instance:Login2.UserLoginTest2@457e2f02]" name="doBeforeMethod" is-config="true" duration-ms="9860" started-at="2017-12-02T21:59:22Z" finished-at="2017-12-02T21:59:32Z">
          <reporter-output>
          </reporter-output>
        </test-method> <!-- doBeforeMethod -->
        <test-method status="PASS" signature="testBackLogin()[pri:0, instance:Login2.UserLoginTest2@457e2f02]" name="testBackLogin" duration-ms="32988" started-at="2017-12-02T21:59:32Z" finished-at="2017-12-02T22:00:05Z">
          <reporter-output>
          </reporter-output>
        </test-method> <!-- testBackLogin -->
        <test-method status="PASS" signature="doAfterMethod()[pri:0, instance:Login2.UserLoginTest2@457e2f02]" name="doAfterMethod" is-config="true" duration-ms="6686" started-at="2017-12-02T22:00:05Z" finished-at="2017-12-02T22:00:11Z">
          <reporter-output>
          </reporter-output>
        </test-method> <!-- doAfterMethod -->
      </class> <!-- Login2.UserLoginTest2 -->
    </test> <!-- Default test -->
  </suite> <!-- Default suite -->
</testng-results>
